<?xml version="1.0" encoding="UTF-8"?>
<testsuite xmlns:xsi="http://www.w3.org/2001/XMLSchema-instance" xsi:noNamespaceSchemaLocation="https://maven.apache.org/surefire/maven-surefire-plugin/xsd/surefire-test-report.xsd" version="3.0.2" name="com.stacs.cs5031.p3.server.repository.AdminRepositoryTest" time="2.994" tests="5" errors="0" skipped="0" failures="0">
  <properties>
    <property name="java.specification.version" value="21"/>
    <property name="sun.jnu.encoding" value="UTF-8"/>
    <property name="java.class.path" value="/Users/rohitbamane/Documents/Academic/Semester 2/CS5031/p3-extra/p3-code/target/test-classes:/Users/rohitbamane/Documents/Academic/Semester 2/CS5031/p3-extra/p3-code/target/classes:/Users/rohitbamane/.m2/repository/org/openjfx/javafx-controls/20/javafx-controls-20.jar:/Users/rohitbamane/.m2/repository/org/openjfx/javafx-controls/20/javafx-controls-20-mac-aarch64.jar:/Users/rohitbamane/.m2/repository/org/openjfx/javafx-graphics/20/javafx-graphics-20.jar:/Users/rohitbamane/.m2/repository/org/openjfx/javafx-graphics/20/javafx-graphics-20-mac-aarch64.jar:/Users/rohitbamane/.m2/repository/org/openjfx/javafx-base/20/javafx-base-20.jar:/Users/rohitbamane/.m2/repository/org/openjfx/javafx-base/20/javafx-base-20-mac-aarch64.jar:/Users/rohitbamane/.m2/repository/org/openjfx/javafx-fxml/20/javafx-fxml-20.jar:/Users/rohitbamane/.m2/repository/org/openjfx/javafx-fxml/20/javafx-fxml-20-mac-aarch64.jar:/Users/rohitbamane/.m2/repository/org/springframework/boot/spring-boot-starter-security/3.4.4/spring-boot-starter-security-3.4.4.jar:/Users/rohitbamane/.m2/repository/org/springframework/boot/spring-boot-starter/3.4.4/spring-boot-starter-3.4.4.jar:/Users/rohitbamane/.m2/repository/org/springframework/boot/spring-boot-starter-logging/3.4.4/spring-boot-starter-logging-3.4.4.jar:/Users/rohitbamane/.m2/repository/ch/qos/logback/logback-classic/1.5.18/logback-classic-1.5.18.jar:/Users/rohitbamane/.m2/repository/ch/qos/logback/logback-core/1.5.18/logback-core-1.5.18.jar:/Users/rohitbamane/.m2/repository/org/apache/logging/log4j/log4j-to-slf4j/2.24.3/log4j-to-slf4j-2.24.3.jar:/Users/rohitbamane/.m2/repository/org/apache/logging/log4j/log4j-api/2.24.3/log4j-api-2.24.3.jar:/Users/rohitbamane/.m2/repository/org/slf4j/jul-to-slf4j/2.0.17/jul-to-slf4j-2.0.17.jar:/Users/rohitbamane/.m2/repository/jakarta/annotation/jakarta.annotation-api/2.1.1/jakarta.annotation-api-2.1.1.jar:/Users/rohitbamane/.m2/repository/org/yaml/snakeyaml/2.3/snakeyaml-2.3.jar:/Users/rohitbamane/.m2/repository/org/springframework/spring-aop/6.2.5/spring-aop-6.2.5.jar:/Users/rohitbamane/.m2/repository/org/springframework/spring-beans/6.2.5/spring-beans-6.2.5.jar:/Users/rohitbamane/.m2/repository/org/springframework/security/spring-security-config/6.4.4/spring-security-config-6.4.4.jar:/Users/rohitbamane/.m2/repository/org/springframework/security/spring-security-core/6.4.4/spring-security-core-6.4.4.jar:/Users/rohitbamane/.m2/repository/org/springframework/security/spring-security-crypto/6.4.4/spring-security-crypto-6.4.4.jar:/Users/rohitbamane/.m2/repository/org/springframework/spring-context/6.2.5/spring-context-6.2.5.jar:/Users/rohitbamane/.m2/repository/org/springframework/security/spring-security-web/6.4.4/spring-security-web-6.4.4.jar:/Users/rohitbamane/.m2/repository/org/springframework/spring-expression/6.2.5/spring-expression-6.2.5.jar:/Users/rohitbamane/.m2/repository/org/springframework/boot/spring-boot-devtools/3.4.4/spring-boot-devtools-3.4.4.jar:/Users/rohitbamane/.m2/repository/org/springframework/boot/spring-boot/3.4.4/spring-boot-3.4.4.jar:/Users/rohitbamane/.m2/repository/org/springframework/boot/spring-boot-autoconfigure/3.4.4/spring-boot-autoconfigure-3.4.4.jar:/Users/rohitbamane/.m2/repository/com/h2database/h2/2.3.232/h2-2.3.232.jar:/Users/rohitbamane/.m2/repository/org/springframework/boot/spring-boot-starter-test/3.4.4/spring-boot-starter-test-3.4.4.jar:/Users/rohitbamane/.m2/repository/org/springframework/boot/spring-boot-test/3.4.4/spring-boot-test-3.4.4.jar:/Users/rohitbamane/.m2/repository/org/springframework/boot/spring-boot-test-autoconfigure/3.4.4/spring-boot-test-autoconfigure-3.4.4.jar:/Users/rohitbamane/.m2/repository/com/jayway/jsonpath/json-path/2.9.0/json-path-2.9.0.jar:/Users/rohitbamane/.m2/repository/org/slf4j/slf4j-api/2.0.17/slf4j-api-2.0.17.jar:/Users/rohitbamane/.m2/repository/jakarta/xml/bind/jakarta.xml.bind-api/4.0.2/jakarta.xml.bind-api-4.0.2.jar:/Users/rohitbamane/.m2/repository/jakarta/activation/jakarta.activation-api/2.1.3/jakarta.activation-api-2.1.3.jar:/Users/rohitbamane/.m2/repository/net/minidev/json-smart/2.5.2/json-smart-2.5.2.jar:/Users/rohitbamane/.m2/repository/net/minidev/accessors-smart/2.5.2/accessors-smart-2.5.2.jar:/Users/rohitbamane/.m2/repository/org/ow2/asm/asm/9.7.1/asm-9.7.1.jar:/Users/rohitbamane/.m2/repository/org/assertj/assertj-core/3.26.3/assertj-core-3.26.3.jar:/Users/rohitbamane/.m2/repository/net/bytebuddy/byte-buddy/1.15.11/byte-buddy-1.15.11.jar:/Users/rohitbamane/.m2/repository/org/awaitility/awaitility/4.2.2/awaitility-4.2.2.jar:/Users/rohitbamane/.m2/repository/org/hamcrest/hamcrest/2.2/hamcrest-2.2.jar:/Users/rohitbamane/.m2/repository/org/junit/jupiter/junit-jupiter/5.11.4/junit-jupiter-5.11.4.jar:/Users/rohitbamane/.m2/repository/org/junit/jupiter/junit-jupiter-api/5.11.4/junit-jupiter-api-5.11.4.jar:/Users/rohitbamane/.m2/repository/org/opentest4j/opentest4j/1.3.0/opentest4j-1.3.0.jar:/Users/rohitbamane/.m2/repository/org/junit/platform/junit-platform-commons/1.11.4/junit-platform-commons-1.11.4.jar:/Users/rohitbamane/.m2/repository/org/apiguardian/apiguardian-api/1.1.2/apiguardian-api-1.1.2.jar:/Users/rohitbamane/.m2/repository/org/junit/jupiter/junit-jupiter-params/5.11.4/junit-jupiter-params-5.11.4.jar:/Users/rohitbamane/.m2/repository/org/junit/jupiter/junit-jupiter-engine/5.11.4/junit-jupiter-engine-5.11.4.jar:/Users/rohitbamane/.m2/repository/org/junit/platform/junit-platform-engine/1.11.4/junit-platform-engine-1.11.4.jar:/Users/rohitbamane/.m2/repository/org/mockito/mockito-core/5.14.2/mockito-core-5.14.2.jar:/Users/rohitbamane/.m2/repository/net/bytebuddy/byte-buddy-agent/1.15.11/byte-buddy-agent-1.15.11.jar:/Users/rohitbamane/.m2/repository/org/objenesis/objenesis/3.3/objenesis-3.3.jar:/Users/rohitbamane/.m2/repository/org/mockito/mockito-junit-jupiter/5.14.2/mockito-junit-jupiter-5.14.2.jar:/Users/rohitbamane/.m2/repository/org/skyscreamer/jsonassert/1.5.3/jsonassert-1.5.3.jar:/Users/rohitbamane/.m2/repository/com/vaadin/external/google/android-json/0.0.20131108.vaadin1/android-json-0.0.20131108.vaadin1.jar:/Users/rohitbamane/.m2/repository/org/springframework/spring-core/6.2.5/spring-core-6.2.5.jar:/Users/rohitbamane/.m2/repository/org/springframework/spring-jcl/6.2.5/spring-jcl-6.2.5.jar:/Users/rohitbamane/.m2/repository/org/springframework/spring-test/6.2.5/spring-test-6.2.5.jar:/Users/rohitbamane/.m2/repository/org/xmlunit/xmlunit-core/2.10.0/xmlunit-core-2.10.0.jar:/Users/rohitbamane/.m2/repository/org/springframework/boot/spring-boot-starter-web/3.4.4/spring-boot-starter-web-3.4.4.jar:/Users/rohitbamane/.m2/repository/org/springframework/boot/spring-boot-starter-json/3.4.4/spring-boot-starter-json-3.4.4.jar:/Users/rohitbamane/.m2/repository/com/fasterxml/jackson/datatype/jackson-datatype-jdk8/2.18.3/jackson-datatype-jdk8-2.18.3.jar:/Users/rohitbamane/.m2/repository/com/fasterxml/jackson/datatype/jackson-datatype-jsr310/2.18.3/jackson-datatype-jsr310-2.18.3.jar:/Users/rohitbamane/.m2/repository/com/fasterxml/jackson/module/jackson-module-parameter-names/2.18.3/jackson-module-parameter-names-2.18.3.jar:/Users/rohitbamane/.m2/repository/org/springframework/boot/spring-boot-starter-tomcat/3.4.4/spring-boot-starter-tomcat-3.4.4.jar:/Users/rohitbamane/.m2/repository/org/apache/tomcat/embed/tomcat-embed-core/10.1.39/tomcat-embed-core-10.1.39.jar:/Users/rohitbamane/.m2/repository/org/apache/tomcat/embed/tomcat-embed-el/10.1.39/tomcat-embed-el-10.1.39.jar:/Users/rohitbamane/.m2/repository/org/apache/tomcat/embed/tomcat-embed-websocket/10.1.39/tomcat-embed-websocket-10.1.39.jar:/Users/rohitbamane/.m2/repository/org/springframework/spring-web/6.2.5/spring-web-6.2.5.jar:/Users/rohitbamane/.m2/repository/io/micrometer/micrometer-observation/1.14.5/micrometer-observation-1.14.5.jar:/Users/rohitbamane/.m2/repository/io/micrometer/micrometer-commons/1.14.5/micrometer-commons-1.14.5.jar:/Users/rohitbamane/.m2/repository/org/springframework/spring-webmvc/6.2.5/spring-webmvc-6.2.5.jar:/Users/rohitbamane/.m2/repository/org/springframework/boot/spring-boot-starter-data-jpa/3.4.4/spring-boot-starter-data-jpa-3.4.4.jar:/Users/rohitbamane/.m2/repository/org/springframework/boot/spring-boot-starter-jdbc/3.4.4/spring-boot-starter-jdbc-3.4.4.jar:/Users/rohitbamane/.m2/repository/com/zaxxer/HikariCP/5.1.0/HikariCP-5.1.0.jar:/Users/rohitbamane/.m2/repository/org/springframework/spring-jdbc/6.2.5/spring-jdbc-6.2.5.jar:/Users/rohitbamane/.m2/repository/org/hibernate/orm/hibernate-core/6.6.11.Final/hibernate-core-6.6.11.Final.jar:/Users/rohitbamane/.m2/repository/jakarta/persistence/jakarta.persistence-api/3.1.0/jakarta.persistence-api-3.1.0.jar:/Users/rohitbamane/.m2/repository/jakarta/transaction/jakarta.transaction-api/2.0.1/jakarta.transaction-api-2.0.1.jar:/Users/rohitbamane/.m2/repository/org/jboss/logging/jboss-logging/3.6.1.Final/jboss-logging-3.6.1.Final.jar:/Users/rohitbamane/.m2/repository/org/hibernate/common/hibernate-commons-annotations/7.0.3.Final/hibernate-commons-annotations-7.0.3.Final.jar:/Users/rohitbamane/.m2/repository/io/smallrye/jandex/3.2.0/jandex-3.2.0.jar:/Users/rohitbamane/.m2/repository/com/fasterxml/classmate/1.7.0/classmate-1.7.0.jar:/Users/rohitbamane/.m2/repository/org/glassfish/jaxb/jaxb-runtime/4.0.5/jaxb-runtime-4.0.5.jar:/Users/rohitbamane/.m2/repository/org/glassfish/jaxb/jaxb-core/4.0.5/jaxb-core-4.0.5.jar:/Users/rohitbamane/.m2/repository/org/eclipse/angus/angus-activation/2.0.2/angus-activation-2.0.2.jar:/Users/rohitbamane/.m2/repository/org/glassfish/jaxb/txw2/4.0.5/txw2-4.0.5.jar:/Users/rohitbamane/.m2/repository/com/sun/istack/istack-commons-runtime/4.1.2/istack-commons-runtime-4.1.2.jar:/Users/rohitbamane/.m2/repository/jakarta/inject/jakarta.inject-api/2.0.1/jakarta.inject-api-2.0.1.jar:/Users/rohitbamane/.m2/repository/org/antlr/antlr4-runtime/4.13.0/antlr4-runtime-4.13.0.jar:/Users/rohitbamane/.m2/repository/org/springframework/data/spring-data-jpa/3.4.4/spring-data-jpa-3.4.4.jar:/Users/rohitbamane/.m2/repository/org/springframework/data/spring-data-commons/3.4.4/spring-data-commons-3.4.4.jar:/Users/rohitbamane/.m2/repository/org/springframework/spring-orm/6.2.5/spring-orm-6.2.5.jar:/Users/rohitbamane/.m2/repository/org/springframework/spring-tx/6.2.5/spring-tx-6.2.5.jar:/Users/rohitbamane/.m2/repository/org/springframework/spring-aspects/6.2.5/spring-aspects-6.2.5.jar:/Users/rohitbamane/.m2/repository/org/aspectj/aspectjweaver/1.9.23/aspectjweaver-1.9.23.jar:/Users/rohitbamane/.m2/repository/com/fasterxml/jackson/core/jackson-databind/2.17.2/jackson-databind-2.17.2.jar:/Users/rohitbamane/.m2/repository/com/fasterxml/jackson/core/jackson-annotations/2.18.3/jackson-annotations-2.18.3.jar:/Users/rohitbamane/.m2/repository/com/fasterxml/jackson/core/jackson-core/2.18.3/jackson-core-2.18.3.jar:"/>
    <property name="java.vm.vendor" value="Amazon.com Inc."/>
    <property name="sun.arch.data.model" value="64"/>
    <property name="java.vendor.url" value="https://aws.amazon.com/corretto/"/>
    <property name="user.timezone" value="Europe/London"/>
    <property name="org.jboss.logging.provider" value="slf4j"/>
    <property name="os.name" value="Mac OS X"/>
    <property name="java.vm.specification.version" value="21"/>
    <property name="sun.java.launcher" value="SUN_STANDARD"/>
    <property name="user.country" value="IN"/>
    <property name="sun.boot.library.path" value="/Users/rohitbamane/Library/Java/JavaVirtualMachines/corretto-21.0.6/Contents/Home/lib"/>
    <property name="sun.java.command" value="/Users/rohitbamane/Documents/Academic/Semester 2/CS5031/p3-extra/p3-code/target/surefire/surefirebooter-20250418203942081_3.jar /Users/rohitbamane/Documents/Academic/Semester 2/CS5031/p3-extra/p3-code/target/surefire 2025-04-18T20-39-42_044-jvmRun1 surefire-20250418203942081_1tmp surefire_0-20250418203942081_2tmp"/>
    <property name="http.nonProxyHosts" value="local|*.local|169.254/16|*.169.254/16"/>
    <property name="jdk.debug" value="release"/>
    <property name="surefire.test.class.path" value="/Users/rohitbamane/Documents/Academic/Semester 2/CS5031/p3-extra/p3-code/target/test-classes:/Users/rohitbamane/Documents/Academic/Semester 2/CS5031/p3-extra/p3-code/target/classes:/Users/rohitbamane/.m2/repository/org/openjfx/javafx-controls/20/javafx-controls-20.jar:/Users/rohitbamane/.m2/repository/org/openjfx/javafx-controls/20/javafx-controls-20-mac-aarch64.jar:/Users/rohitbamane/.m2/repository/org/openjfx/javafx-graphics/20/javafx-graphics-20.jar:/Users/rohitbamane/.m2/repository/org/openjfx/javafx-graphics/20/javafx-graphics-20-mac-aarch64.jar:/Users/rohitbamane/.m2/repository/org/openjfx/javafx-base/20/javafx-base-20.jar:/Users/rohitbamane/.m2/repository/org/openjfx/javafx-base/20/javafx-base-20-mac-aarch64.jar:/Users/rohitbamane/.m2/repository/org/openjfx/javafx-fxml/20/javafx-fxml-20.jar:/Users/rohitbamane/.m2/repository/org/openjfx/javafx-fxml/20/javafx-fxml-20-mac-aarch64.jar:/Users/rohitbamane/.m2/repository/org/springframework/boot/spring-boot-starter-security/3.4.4/spring-boot-starter-security-3.4.4.jar:/Users/rohitbamane/.m2/repository/org/springframework/boot/spring-boot-starter/3.4.4/spring-boot-starter-3.4.4.jar:/Users/rohitbamane/.m2/repository/org/springframework/boot/spring-boot-starter-logging/3.4.4/spring-boot-starter-logging-3.4.4.jar:/Users/rohitbamane/.m2/repository/ch/qos/logback/logback-classic/1.5.18/logback-classic-1.5.18.jar:/Users/rohitbamane/.m2/repository/ch/qos/logback/logback-core/1.5.18/logback-core-1.5.18.jar:/Users/rohitbamane/.m2/repository/org/apache/logging/log4j/log4j-to-slf4j/2.24.3/log4j-to-slf4j-2.24.3.jar:/Users/rohitbamane/.m2/repository/org/apache/logging/log4j/log4j-api/2.24.3/log4j-api-2.24.3.jar:/Users/rohitbamane/.m2/repository/org/slf4j/jul-to-slf4j/2.0.17/jul-to-slf4j-2.0.17.jar:/Users/rohitbamane/.m2/repository/jakarta/annotation/jakarta.annotation-api/2.1.1/jakarta.annotation-api-2.1.1.jar:/Users/rohitbamane/.m2/repository/org/yaml/snakeyaml/2.3/snakeyaml-2.3.jar:/Users/rohitbamane/.m2/repository/org/springframework/spring-aop/6.2.5/spring-aop-6.2.5.jar:/Users/rohitbamane/.m2/repository/org/springframework/spring-beans/6.2.5/spring-beans-6.2.5.jar:/Users/rohitbamane/.m2/repository/org/springframework/security/spring-security-config/6.4.4/spring-security-config-6.4.4.jar:/Users/rohitbamane/.m2/repository/org/springframework/security/spring-security-core/6.4.4/spring-security-core-6.4.4.jar:/Users/rohitbamane/.m2/repository/org/springframework/security/spring-security-crypto/6.4.4/spring-security-crypto-6.4.4.jar:/Users/rohitbamane/.m2/repository/org/springframework/spring-context/6.2.5/spring-context-6.2.5.jar:/Users/rohitbamane/.m2/repository/org/springframework/security/spring-security-web/6.4.4/spring-security-web-6.4.4.jar:/Users/rohitbamane/.m2/repository/org/springframework/spring-expression/6.2.5/spring-expression-6.2.5.jar:/Users/rohitbamane/.m2/repository/org/springframework/boot/spring-boot-devtools/3.4.4/spring-boot-devtools-3.4.4.jar:/Users/rohitbamane/.m2/repository/org/springframework/boot/spring-boot/3.4.4/spring-boot-3.4.4.jar:/Users/rohitbamane/.m2/repository/org/springframework/boot/spring-boot-autoconfigure/3.4.4/spring-boot-autoconfigure-3.4.4.jar:/Users/rohitbamane/.m2/repository/com/h2database/h2/2.3.232/h2-2.3.232.jar:/Users/rohitbamane/.m2/repository/org/springframework/boot/spring-boot-starter-test/3.4.4/spring-boot-starter-test-3.4.4.jar:/Users/rohitbamane/.m2/repository/org/springframework/boot/spring-boot-test/3.4.4/spring-boot-test-3.4.4.jar:/Users/rohitbamane/.m2/repository/org/springframework/boot/spring-boot-test-autoconfigure/3.4.4/spring-boot-test-autoconfigure-3.4.4.jar:/Users/rohitbamane/.m2/repository/com/jayway/jsonpath/json-path/2.9.0/json-path-2.9.0.jar:/Users/rohitbamane/.m2/repository/org/slf4j/slf4j-api/2.0.17/slf4j-api-2.0.17.jar:/Users/rohitbamane/.m2/repository/jakarta/xml/bind/jakarta.xml.bind-api/4.0.2/jakarta.xml.bind-api-4.0.2.jar:/Users/rohitbamane/.m2/repository/jakarta/activation/jakarta.activation-api/2.1.3/jakarta.activation-api-2.1.3.jar:/Users/rohitbamane/.m2/repository/net/minidev/json-smart/2.5.2/json-smart-2.5.2.jar:/Users/rohitbamane/.m2/repository/net/minidev/accessors-smart/2.5.2/accessors-smart-2.5.2.jar:/Users/rohitbamane/.m2/repository/org/ow2/asm/asm/9.7.1/asm-9.7.1.jar:/Users/rohitbamane/.m2/repository/org/assertj/assertj-core/3.26.3/assertj-core-3.26.3.jar:/Users/rohitbamane/.m2/repository/net/bytebuddy/byte-buddy/1.15.11/byte-buddy-1.15.11.jar:/Users/rohitbamane/.m2/repository/org/awaitility/awaitility/4.2.2/awaitility-4.2.2.jar:/Users/rohitbamane/.m2/repository/org/hamcrest/hamcrest/2.2/hamcrest-2.2.jar:/Users/rohitbamane/.m2/repository/org/junit/jupiter/junit-jupiter/5.11.4/junit-jupiter-5.11.4.jar:/Users/rohitbamane/.m2/repository/org/junit/jupiter/junit-jupiter-api/5.11.4/junit-jupiter-api-5.11.4.jar:/Users/rohitbamane/.m2/repository/org/opentest4j/opentest4j/1.3.0/opentest4j-1.3.0.jar:/Users/rohitbamane/.m2/repository/org/junit/platform/junit-platform-commons/1.11.4/junit-platform-commons-1.11.4.jar:/Users/rohitbamane/.m2/repository/org/apiguardian/apiguardian-api/1.1.2/apiguardian-api-1.1.2.jar:/Users/rohitbamane/.m2/repository/org/junit/jupiter/junit-jupiter-params/5.11.4/junit-jupiter-params-5.11.4.jar:/Users/rohitbamane/.m2/repository/org/junit/jupiter/junit-jupiter-engine/5.11.4/junit-jupiter-engine-5.11.4.jar:/Users/rohitbamane/.m2/repository/org/junit/platform/junit-platform-engine/1.11.4/junit-platform-engine-1.11.4.jar:/Users/rohitbamane/.m2/repository/org/mockito/mockito-core/5.14.2/mockito-core-5.14.2.jar:/Users/rohitbamane/.m2/repository/net/bytebuddy/byte-buddy-agent/1.15.11/byte-buddy-agent-1.15.11.jar:/Users/rohitbamane/.m2/repository/org/objenesis/objenesis/3.3/objenesis-3.3.jar:/Users/rohitbamane/.m2/repository/org/mockito/mockito-junit-jupiter/5.14.2/mockito-junit-jupiter-5.14.2.jar:/Users/rohitbamane/.m2/repository/org/skyscreamer/jsonassert/1.5.3/jsonassert-1.5.3.jar:/Users/rohitbamane/.m2/repository/com/vaadin/external/google/android-json/0.0.20131108.vaadin1/android-json-0.0.20131108.vaadin1.jar:/Users/rohitbamane/.m2/repository/org/springframework/spring-core/6.2.5/spring-core-6.2.5.jar:/Users/rohitbamane/.m2/repository/org/springframework/spring-jcl/6.2.5/spring-jcl-6.2.5.jar:/Users/rohitbamane/.m2/repository/org/springframework/spring-test/6.2.5/spring-test-6.2.5.jar:/Users/rohitbamane/.m2/repository/org/xmlunit/xmlunit-core/2.10.0/xmlunit-core-2.10.0.jar:/Users/rohitbamane/.m2/repository/org/springframework/boot/spring-boot-starter-web/3.4.4/spring-boot-starter-web-3.4.4.jar:/Users/rohitbamane/.m2/repository/org/springframework/boot/spring-boot-starter-json/3.4.4/spring-boot-starter-json-3.4.4.jar:/Users/rohitbamane/.m2/repository/com/fasterxml/jackson/datatype/jackson-datatype-jdk8/2.18.3/jackson-datatype-jdk8-2.18.3.jar:/Users/rohitbamane/.m2/repository/com/fasterxml/jackson/datatype/jackson-datatype-jsr310/2.18.3/jackson-datatype-jsr310-2.18.3.jar:/Users/rohitbamane/.m2/repository/com/fasterxml/jackson/module/jackson-module-parameter-names/2.18.3/jackson-module-parameter-names-2.18.3.jar:/Users/rohitbamane/.m2/repository/org/springframework/boot/spring-boot-starter-tomcat/3.4.4/spring-boot-starter-tomcat-3.4.4.jar:/Users/rohitbamane/.m2/repository/org/apache/tomcat/embed/tomcat-embed-core/10.1.39/tomcat-embed-core-10.1.39.jar:/Users/rohitbamane/.m2/repository/org/apache/tomcat/embed/tomcat-embed-el/10.1.39/tomcat-embed-el-10.1.39.jar:/Users/rohitbamane/.m2/repository/org/apache/tomcat/embed/tomcat-embed-websocket/10.1.39/tomcat-embed-websocket-10.1.39.jar:/Users/rohitbamane/.m2/repository/org/springframework/spring-web/6.2.5/spring-web-6.2.5.jar:/Users/rohitbamane/.m2/repository/io/micrometer/micrometer-observation/1.14.5/micrometer-observation-1.14.5.jar:/Users/rohitbamane/.m2/repository/io/micrometer/micrometer-commons/1.14.5/micrometer-commons-1.14.5.jar:/Users/rohitbamane/.m2/repository/org/springframework/spring-webmvc/6.2.5/spring-webmvc-6.2.5.jar:/Users/rohitbamane/.m2/repository/org/springframework/boot/spring-boot-starter-data-jpa/3.4.4/spring-boot-starter-data-jpa-3.4.4.jar:/Users/rohitbamane/.m2/repository/org/springframework/boot/spring-boot-starter-jdbc/3.4.4/spring-boot-starter-jdbc-3.4.4.jar:/Users/rohitbamane/.m2/repository/com/zaxxer/HikariCP/5.1.0/HikariCP-5.1.0.jar:/Users/rohitbamane/.m2/repository/org/springframework/spring-jdbc/6.2.5/spring-jdbc-6.2.5.jar:/Users/rohitbamane/.m2/repository/org/hibernate/orm/hibernate-core/6.6.11.Final/hibernate-core-6.6.11.Final.jar:/Users/rohitbamane/.m2/repository/jakarta/persistence/jakarta.persistence-api/3.1.0/jakarta.persistence-api-3.1.0.jar:/Users/rohitbamane/.m2/repository/jakarta/transaction/jakarta.transaction-api/2.0.1/jakarta.transaction-api-2.0.1.jar:/Users/rohitbamane/.m2/repository/org/jboss/logging/jboss-logging/3.6.1.Final/jboss-logging-3.6.1.Final.jar:/Users/rohitbamane/.m2/repository/org/hibernate/common/hibernate-commons-annotations/7.0.3.Final/hibernate-commons-annotations-7.0.3.Final.jar:/Users/rohitbamane/.m2/repository/io/smallrye/jandex/3.2.0/jandex-3.2.0.jar:/Users/rohitbamane/.m2/repository/com/fasterxml/classmate/1.7.0/classmate-1.7.0.jar:/Users/rohitbamane/.m2/repository/org/glassfish/jaxb/jaxb-runtime/4.0.5/jaxb-runtime-4.0.5.jar:/Users/rohitbamane/.m2/repository/org/glassfish/jaxb/jaxb-core/4.0.5/jaxb-core-4.0.5.jar:/Users/rohitbamane/.m2/repository/org/eclipse/angus/angus-activation/2.0.2/angus-activation-2.0.2.jar:/Users/rohitbamane/.m2/repository/org/glassfish/jaxb/txw2/4.0.5/txw2-4.0.5.jar:/Users/rohitbamane/.m2/repository/com/sun/istack/istack-commons-runtime/4.1.2/istack-commons-runtime-4.1.2.jar:/Users/rohitbamane/.m2/repository/jakarta/inject/jakarta.inject-api/2.0.1/jakarta.inject-api-2.0.1.jar:/Users/rohitbamane/.m2/repository/org/antlr/antlr4-runtime/4.13.0/antlr4-runtime-4.13.0.jar:/Users/rohitbamane/.m2/repository/org/springframework/data/spring-data-jpa/3.4.4/spring-data-jpa-3.4.4.jar:/Users/rohitbamane/.m2/repository/org/springframework/data/spring-data-commons/3.4.4/spring-data-commons-3.4.4.jar:/Users/rohitbamane/.m2/repository/org/springframework/spring-orm/6.2.5/spring-orm-6.2.5.jar:/Users/rohitbamane/.m2/repository/org/springframework/spring-tx/6.2.5/spring-tx-6.2.5.jar:/Users/rohitbamane/.m2/repository/org/springframework/spring-aspects/6.2.5/spring-aspects-6.2.5.jar:/Users/rohitbamane/.m2/repository/org/aspectj/aspectjweaver/1.9.23/aspectjweaver-1.9.23.jar:/Users/rohitbamane/.m2/repository/com/fasterxml/jackson/core/jackson-databind/2.17.2/jackson-databind-2.17.2.jar:/Users/rohitbamane/.m2/repository/com/fasterxml/jackson/core/jackson-annotations/2.18.3/jackson-annotations-2.18.3.jar:/Users/rohitbamane/.m2/repository/com/fasterxml/jackson/core/jackson-core/2.18.3/jackson-core-2.18.3.jar:"/>
    <property name="sun.cpu.endian" value="little"/>
    <property name="user.home" value="/Users/rohitbamane"/>
    <property name="user.language" value="en"/>
    <property name="java.specification.vendor" value="Oracle Corporation"/>
    <property name="java.version.date" value="2025-01-21"/>
    <property name="java.home" value="/Users/rohitbamane/Library/Java/JavaVirtualMachines/corretto-21.0.6/Contents/Home"/>
    <property name="file.separator" value="/"/>
    <property name="basedir" value="/Users/rohitbamane/Documents/Academic/Semester 2/CS5031/p3-extra/p3-code"/>
    <property name="java.vm.compressedOopsMode" value="Zero based"/>
    <property name="line.separator" value="&#10;"/>
    <property name="java.vm.specification.vendor" value="Oracle Corporation"/>
    <property name="java.specification.name" value="Java Platform API Specification"/>
    <property name="FILE_LOG_CHARSET" value="UTF-8"/>
    <property name="java.awt.headless" value="true"/>
    <property name="apple.awt.application.name" value="ForkedBooter"/>
    <property name="surefire.real.class.path" value="/Users/rohitbamane/Documents/Academic/Semester 2/CS5031/p3-extra/p3-code/target/surefire/surefirebooter-20250418203942081_3.jar"/>
    <property name="sun.management.compiler" value="HotSpot 64-Bit Tiered Compilers"/>
    <property name="ftp.nonProxyHosts" value="local|*.local|169.254/16|*.169.254/16"/>
    <property name="java.runtime.version" value="21.0.6+7-LTS"/>
    <property name="user.name" value="rohitbamane"/>
    <property name="stdout.encoding" value="UTF-8"/>
    <property name="path.separator" value=":"/>
    <property name="os.version" value="15.2"/>
    <property name="java.runtime.name" value="OpenJDK Runtime Environment"/>
    <property name="file.encoding" value="UTF-8"/>
    <property name="java.vm.name" value="OpenJDK 64-Bit Server VM"/>
    <property name="java.vendor.version" value="Corretto-21.0.6.7.1"/>
    <property name="localRepository" value="/Users/rohitbamane/.m2/repository"/>
    <property name="java.vendor.url.bug" value="https://github.com/corretto/corretto-21/issues/"/>
    <property name="java.io.tmpdir" value="/var/folders/13/zctqb00x1lz41yrw183j621r0000gn/T/"/>
    <property name="java.version" value="21.0.6"/>
    <property name="user.dir" value="/Users/rohitbamane/Documents/Academic/Semester 2/CS5031/p3-extra/p3-code"/>
    <property name="os.arch" value="aarch64"/>
    <property name="java.vm.specification.name" value="Java Virtual Machine Specification"/>
    <property name="PID" value="99044"/>
    <property name="CONSOLE_LOG_CHARSET" value="UTF-8"/>
    <property name="native.encoding" value="UTF-8"/>
    <property name="java.library.path" value="/Users/rohitbamane/Library/Java/Extensions:/Library/Java/Extensions:/Network/Library/Java/Extensions:/System/Library/Java/Extensions:/usr/lib/java:."/>
    <property name="java.vm.info" value="mixed mode, sharing"/>
    <property name="stderr.encoding" value="UTF-8"/>
    <property name="java.vendor" value="Amazon.com Inc."/>
    <property name="java.vm.version" value="21.0.6+7-LTS"/>
    <property name="sun.io.unicode.encoding" value="UnicodeBig"/>
    <property name="socksNonProxyHosts" value="local|*.local|169.254/16|*.169.254/16"/>
    <property name="java.class.version" value="65.0"/>
  </properties>
  <testcase name="testFindAll" classname="com.stacs.cs5031.p3.server.repository.AdminRepositoryTest" time="0.348">
    <system-out><![CDATA[20:39:42.621 [main] INFO org.springframework.test.context.support.AnnotationConfigContextLoaderUtils -- Could not detect default configuration classes for test class [com.stacs.cs5031.p3.server.repository.AdminRepositoryTest]: AdminRepositoryTest does not declare any static, non-private, non-final, nested classes annotated with @Configuration.
20:39:42.718 [main] INFO org.springframework.boot.test.context.SpringBootTestContextBootstrapper -- Found @SpringBootConfiguration com.stacs.cs5031.p3.server.ServerApplication for test class com.stacs.cs5031.p3.server.repository.AdminRepositoryTest
20:39:42.755 [main] INFO org.springframework.boot.devtools.restart.RestartApplicationListener -- Restart disabled due to context in which it is running

  .   ____          _            __ _ _
 /\\ / ___'_ __ _ _(_)_ __  __ _ \ \ \ \
( ( )\___ | '_ | '_| | '_ \/ _` | \ \ \ \
 \\/  ___)| |_)| | | | | || (_| |  ) ) ) )
  '  |____| .__|_| |_|_| |_\__, | / / / /
 =========|_|==============|___/=/_/_/_/

 :: Spring Boot ::                (v3.4.4)

2025-04-18T20:39:42.892+01:00  INFO 99044 --- [           main] c.s.c.p.s.r.AdminRepositoryTest          : Starting AdminRepositoryTest using Java 21.0.6 with PID 99044 (started by rohitbamane in /Users/rohitbamane/Documents/Academic/Semester 2/CS5031/p3-extra/p3-code)
2025-04-18T20:39:42.892+01:00  INFO 99044 --- [           main] c.s.c.p.s.r.AdminRepositoryTest          : No active profile set, falling back to 1 default profile: "default"
2025-04-18T20:39:43.030+01:00  INFO 99044 --- [           main] .s.d.r.c.RepositoryConfigurationDelegate : Bootstrapping Spring Data JPA repositories in DEFAULT mode.
2025-04-18T20:39:43.062+01:00  INFO 99044 --- [           main] .s.d.r.c.RepositoryConfigurationDelegate : Finished Spring Data repository scanning in 27 ms. Found 6 JPA repository interfaces.
2025-04-18T20:39:43.085+01:00  INFO 99044 --- [           main] beddedDataSourceBeanFactoryPostProcessor : Replacing 'dataSource' DataSource bean with embedded version
2025-04-18T20:39:43.115+01:00  INFO 99044 --- [           main] o.s.j.d.e.EmbeddedDatabaseFactory        : Starting embedded database: url='jdbc:h2:mem:3d3839fb-e3ca-4e85-ac31-a455bcaccfc2;DB_CLOSE_DELAY=-1;DB_CLOSE_ON_EXIT=false', username='sa'
2025-04-18T20:39:43.227+01:00  INFO 99044 --- [           main] o.hibernate.jpa.internal.util.LogHelper  : HHH000204: Processing PersistenceUnitInfo [name: default]
2025-04-18T20:39:43.250+01:00  INFO 99044 --- [           main] org.hibernate.Version                    : HHH000412: Hibernate ORM core version 6.6.11.Final
2025-04-18T20:39:43.264+01:00  INFO 99044 --- [           main] o.h.c.internal.RegionFactoryInitiator    : HHH000026: Second-level cache disabled
2025-04-18T20:39:43.380+01:00  INFO 99044 --- [           main] o.s.o.j.p.SpringPersistenceUnitInfo      : No LoadTimeWeaver setup: ignoring JPA class transformer
2025-04-18T20:39:43.416+01:00  INFO 99044 --- [           main] org.hibernate.orm.connections.pooling    : HHH10001005: Database info:
	Database JDBC URL [Connecting through datasource 'org.springframework.jdbc.datasource.embedded.EmbeddedDatabaseFactory$EmbeddedDataSourceProxy@a323a5b']
	Database driver: undefined/unknown
	Database version: 2.3.232
	Autocommit mode: undefined/unknown
	Isolation level: undefined/unknown
	Minimum pool size: undefined/unknown
	Maximum pool size: undefined/unknown
Hibernate: create global temporary table HTE_app_user(HTE_IDENTITY integer generated by default as identity, id integer, user_type varchar(31) not null, name varchar(255), password varchar(255), username varchar(255), primary key (HTE_IDENTITY)) TRANSACTIONAL
Hibernate: create global temporary table HT_attendee(id integer not null, primary key (id)) TRANSACTIONAL
Hibernate: create global temporary table HTE_attendee(HTE_IDENTITY integer generated by default as identity, id integer, user_type varchar(31) not null, name varchar(255), password varchar(255), username varchar(255), primary key (HTE_IDENTITY)) TRANSACTIONAL
Hibernate: create global temporary table HT_admin(id integer not null, primary key (id)) TRANSACTIONAL
Hibernate: create global temporary table HTE_admin(HTE_IDENTITY integer generated by default as identity, id integer, user_type varchar(31) not null, name varchar(255), password varchar(255), username varchar(255), primary key (HTE_IDENTITY)) TRANSACTIONAL
Hibernate: create global temporary table HT_organiser(id integer not null, primary key (id)) TRANSACTIONAL
Hibernate: create global temporary table HTE_organiser(HTE_IDENTITY integer generated by default as identity, id integer, user_type varchar(31) not null, name varchar(255), password varchar(255), username varchar(255), primary key (HTE_IDENTITY)) TRANSACTIONAL
Hibernate: create global temporary table HT_app_user(id integer not null, primary key (id)) TRANSACTIONAL
2025-04-18T20:39:43.794+01:00  INFO 99044 --- [           main] o.h.e.t.j.p.i.JtaPlatformInitiator       : HHH000489: No JTA platform available (set 'hibernate.transaction.jta.platform' to enable JTA platform integration)
Hibernate: drop table if exists admin cascade 
Hibernate: drop table if exists app_user cascade 
Hibernate: drop table if exists attendee cascade 
Hibernate: drop table if exists attendee_bookings cascade 
Hibernate: drop table if exists booking cascade 
Hibernate: drop table if exists booking_attendees cascade 
Hibernate: drop table if exists organiser cascade 
Hibernate: drop table if exists room cascade 
Hibernate: create table admin (id integer not null, primary key (id))
Hibernate: create table app_user (id integer generated by default as identity, user_type varchar(31) not null, name varchar(255) not null, password varchar(255) not null, username varchar(255) not null unique, primary key (id))
Hibernate: create table attendee (id integer not null, primary key (id))
Hibernate: create table attendee_bookings (attendee_id integer not null, booking_id integer not null)
Hibernate: create table booking (attendee_id integer, duration integer not null, id integer generated by default as identity, organiser_id integer, room_id integer, booking_time timestamp(6), start_time timestamp(6), event_name varchar(255), primary key (id))
Hibernate: create table booking_attendees (attendees_id integer not null, booking_id integer not null)
Hibernate: create table organiser (id integer not null, primary key (id))
Hibernate: create table room (availability boolean not null, capacity integer not null, id integer generated by default as identity, name varchar(255), primary key (id))
Hibernate: alter table if exists admin add constraint FKdmsfrfughyayx2lo3bxq0p4kv foreign key (id) references app_user
Hibernate: alter table if exists attendee add constraint FKrse4hujp0weevjovvgwsuosvv foreign key (id) references app_user
Hibernate: alter table if exists attendee_bookings add constraint FKe23pp1f7ybb1ck7tdnr9534xi foreign key (booking_id) references booking
Hibernate: alter table if exists attendee_bookings add constraint FKl87jggluwcsqetawsmsiytxai foreign key (attendee_id) references attendee
Hibernate: alter table if exists booking add constraint FK7sgf7otqydpi0tmotwxl0jbr foreign key (attendee_id) references attendee
Hibernate: alter table if exists booking add constraint FKm5hm4ubvtjn747uef71kwk0v0 foreign key (organiser_id) references organiser
Hibernate: alter table if exists booking add constraint FKq83pan5xy2a6rn0qsl9bckqai foreign key (room_id) references room
Hibernate: alter table if exists booking_attendees add constraint FK9ihwtcqej3hsok91tngfkq4d foreign key (attendees_id) references attendee
Hibernate: alter table if exists booking_attendees add constraint FKlx0c4flyvkuk07vpysy500g30 foreign key (booking_id) references booking
Hibernate: alter table if exists organiser add constraint FK78dc50k9ypbawdp61mq2dogtk foreign key (id) references app_user
2025-04-18T20:39:43.817+01:00  INFO 99044 --- [           main] j.LocalContainerEntityManagerFactoryBean : Initialized JPA EntityManagerFactory for persistence unit 'default'
2025-04-18T20:39:43.953+01:00  INFO 99044 --- [           main] o.s.d.j.r.query.QueryEnhancerFactory     : Hibernate is in classpath; If applicable, HQL parser will be used.
2025-04-18T20:39:45.129+01:00  INFO 99044 --- [           main] c.s.c.p.s.r.AdminRepositoryTest          : Started AdminRepositoryTest in 2.38 seconds (process running for 2.997)
Hibernate: insert into app_user (name,password,username,user_type,id) values (?,?,?,'ADMIN',default)
Hibernate: insert into admin (id) values (?)
Hibernate: insert into app_user (name,password,username,user_type,id) values (?,?,?,'ADMIN',default)
Hibernate: insert into admin (id) values (?)
Hibernate: insert into app_user (name,password,username,user_type,id) values (?,?,?,'ADMIN',default)
Hibernate: insert into admin (id) values (?)
Hibernate: select a1_0.id,a1_1.name,a1_1.password,a1_1.username from admin a1_0 join app_user a1_1 on a1_0.id=a1_1.id
]]></system-out>
    <system-err><![CDATA[Mockito is currently self-attaching to enable the inline-mock-maker. This will no longer work in future releases of the JDK. Please add Mockito as an agent to your build what is described in Mockito's documentation: https://javadoc.io/doc/org.mockito/mockito-core/latest/org/mockito/Mockito.html#0.3
WARNING: A Java agent has been loaded dynamically (/Users/rohitbamane/.m2/repository/net/bytebuddy/byte-buddy-agent/1.15.11/byte-buddy-agent-1.15.11.jar)
WARNING: If a serviceability tool is in use, please run with -XX:+EnableDynamicAgentLoading to hide this warning
WARNING: If a serviceability tool is not in use, please run with -Djdk.instrument.traceUsage for more information
WARNING: Dynamic loading of agents will be disallowed by default in a future release
]]></system-err>
  </testcase>
  <testcase name="testSave" classname="com.stacs.cs5031.p3.server.repository.AdminRepositoryTest" time="0.007">
    <system-out><![CDATA[Hibernate: insert into app_user (name,password,username,user_type,id) values (?,?,?,'ADMIN',default)
Hibernate: insert into admin (id) values (?)
]]></system-out>
  </testcase>
  <testcase name="testFindByUsername" classname="com.stacs.cs5031.p3.server.repository.AdminRepositoryTest" time="0.01">
    <system-out><![CDATA[Hibernate: insert into app_user (name,password,username,user_type,id) values (?,?,?,'ADMIN',default)
Hibernate: insert into admin (id) values (?)
Hibernate: select a1_0.id,a1_1.name,a1_1.password,a1_1.username from admin a1_0 join app_user a1_1 on a1_0.id=a1_1.id where a1_1.username=?
]]></system-out>
  </testcase>
  <testcase name="testDeleteById" classname="com.stacs.cs5031.p3.server.repository.AdminRepositoryTest" time="0.005">
    <system-out><![CDATA[Hibernate: insert into app_user (name,password,username,user_type,id) values (?,?,?,'ADMIN',default)
Hibernate: insert into admin (id) values (?)
]]></system-out>
  </testcase>
  <testcase name="testUpdate" classname="com.stacs.cs5031.p3.server.repository.AdminRepositoryTest" time="0.004">
    <system-out><![CDATA[Hibernate: insert into app_user (name,password,username,user_type,id) values (?,?,?,'ADMIN',default)
Hibernate: insert into admin (id) values (?)
]]></system-out>
  </testcase>
</testsuite>